This is LuaHBTeX, Version 1.17.0 (TeX Live 2023/Arch Linux)  (format=lualatex 2024.1.24)  6 FEB 2024 09:55
 restricted system commands enabled.
**household_3_in_1.tex
(./household_3_in_1.tex
LaTeX2e <2022-11-01> patch level 1
Lua module: luaotfload 2022-10-03 3.23 Lua based OpenType font support
Lua module: lualibs 2022-10-04 2.75 ConTeXt Lua standard libraries.
Lua module: lualibs-extended 2022-10-04 2.75 ConTeXt Lua libraries -- extended c
ollection.
luaotfload | conf : Root cache directory is "/home/tavad/.texlive/texmf-var/luat
ex-cache/generic/names".
luaotfload | init : Loading fontloader "fontloader-2022-10-03.lua" from kpse-res
olved path "/usr/share/texmf-dist/tex/luatex/luaotfload/fontloader-2022-10-03.lu
a".
Lua-only attribute luaotfload@noligature = 1
luaotfload | init : Context OpenType loader version 3.120
Inserting `luaotfload.node_processor' in `pre_linebreak_filter'.
Inserting `luaotfload.node_processor' in `hpack_filter'.
Inserting `luaotfload.glyph_stream' in `glyph_stream_provider'.
Inserting `luaotfload.define_font' in `define_font'.
Lua-only attribute luaotfload_color_attribute = 2
luaotfload | conf : Root cache directory is "/home/tavad/.texlive/texmf-var/luat
ex-cache/generic/names".
Inserting `luaotfload.harf.strip_prefix' in `find_opentype_file'.
Inserting `luaotfload.harf.strip_prefix' in `find_truetype_file'.
Removing  `luaotfload.glyph_stream' from `glyph_stream_provider'.
Inserting `luaotfload.harf.glyphstream' in `glyph_stream_provider'.
Inserting `luaotfload.harf.finalize_vlist' in `post_linebreak_filter'.
Inserting `luaotfload.harf.finalize_hlist' in `hpack_filter'.
Inserting `luaotfload.cleanup_files' in `wrapup_run'.
Inserting `luaotfload.harf.finalize_unicode' in `finish_pdffile'.
Inserting `luaotfload.glyphinfo' in `glyph_info'.
Lua-only attribute luaotfload.letterspace_done = 3
Inserting `luaotfload.aux.set_sscale_dimens' in `luaotfload.patch_font'.
Inserting `luaotfload.aux.set_font_index' in `luaotfload.patch_font'.
Inserting `luaotfload.aux.patch_cambria_domh' in `luaotfload.patch_font'.
Inserting `luaotfload.aux.fixup_fontdata' in `luaotfload.patch_font_unsafe'.
Inserting `luaotfload.aux.set_capheight' in `luaotfload.patch_font'.
Inserting `luaotfload.aux.set_xheight' in `luaotfload.patch_font'.
Inserting `luaotfload.rewrite_fontname' in `luaotfload.patch_font'. L3 programm
ing layer <2023-02-22>
Inserting `tracingstacklevels' in `input_level_string'. (/usr/share/texmf-dist/
tex/latex/base/article.cls
Document Class: article 2022/07/02 v1.4n Standard LaTeX document class
(/usr/share/texmf-dist/tex/latex/base/size10.clo
File: size10.clo 2022/07/02 v1.4n Standard LaTeX file (size option)
luaotfload | db : Font names database loaded from /home/tavad/.texlive/texmf-var
/luatex-cache/generic/names/luaotfload-names.luc.gz)
\c@part=\count183
\c@section=\count184
\c@subsection=\count185
\c@subsubsection=\count186
\c@paragraph=\count187
\c@subparagraph=\count188
\c@figure=\count189
\c@table=\count190
\abovecaptionskip=\skip48
\belowcaptionskip=\skip49
\bibindent=\dimen139
) (/usr/share/texmf-dist/tex/latex/amsmath/amsmath.sty
Package: amsmath 2022/04/08 v2.17n AMS math features
\@mathmargin=\skip50
For additional information on amsmath, use the `?' option.
(/usr/share/texmf-dist/tex/latex/amsmath/amstext.sty
Package: amstext 2021/08/26 v2.01 AMS text
(/usr/share/texmf-dist/tex/latex/amsmath/amsgen.sty
File: amsgen.sty 1999/11/30 v2.0 generic functions
\@emptytoks=\toks16
\ex@=\dimen140
)) (/usr/share/texmf-dist/tex/latex/amsmath/amsbsy.sty
Package: amsbsy 1999/11/29 v1.2d Bold Symbols
\pmbraise@=\dimen141
) (/usr/share/texmf-dist/tex/latex/amsmath/amsopn.sty
Package: amsopn 2022/04/08 v2.04 operator names
)
\inf@bad=\count191
LaTeX Info: Redefining \frac on input line 236.
\uproot@=\count192
\leftroot@=\count193
LaTeX Info: Redefining \overline on input line 399.
LaTeX Info: Redefining \colon on input line 410.
\classnum@=\count194
\DOTSCASE@=\count195
LaTeX Info: Redefining \ldots on input line 496.
LaTeX Info: Redefining \dots on input line 499.
LaTeX Info: Redefining \cdots on input line 620.
\Mathstrutbox@=\box51
\strutbox@=\box52
LaTeX Info: Redefining \big on input line 722.
LaTeX Info: Redefining \Big on input line 723.
LaTeX Info: Redefining \bigg on input line 724.
LaTeX Info: Redefining \Bigg on input line 725.
\big@size=\dimen142
LaTeX Font Info:    Redeclaring font encoding OML on input line 743.
LaTeX Font Info:    Redeclaring font encoding OMS on input line 744.
\macc@depth=\count196
LaTeX Info: Redefining \bmod on input line 905.
LaTeX Info: Redefining \pmod on input line 910.
LaTeX Info: Redefining \smash on input line 940.
LaTeX Info: Redefining \relbar on input line 970.
LaTeX Info: Redefining \Relbar on input line 971.
\c@MaxMatrixCols=\count197
\dotsspace@=\muskip16
\c@parentequation=\count198
\dspbrk@lvl=\count199
\tag@help=\toks17
\row@=\count266
\column@=\count267
\maxfields@=\count268
\andhelp@=\toks18
\eqnshift@=\dimen143
\alignsep@=\dimen144
\tagshift@=\dimen145
\tagwidth@=\dimen146
\totwidth@=\dimen147
\lineht@=\dimen148
\@envbody=\toks19
\multlinegap=\skip51
\multlinetaggap=\skip52
\mathdisplay@stack=\toks20
LaTeX Info: Redefining \[ on input line 2953.
LaTeX Info: Redefining \] on input line 2954.
) (/usr/share/texmf-dist/tex/latex/amsfonts/amssymb.sty
Package: amssymb 2013/01/14 v3.01 AMS font symbols
(/usr/share/texmf-dist/tex/latex/amsfonts/amsfonts.sty
Package: amsfonts 2013/01/14 v3.01 Basic AMSFonts support
\symAMSa=\mathgroup4
\symAMSb=\mathgroup5
LaTeX Font Info:    Redeclaring math symbol \hbar on input line 98.
LaTeX Font Info:    Overwriting math alphabet `\mathfrak' in version `bold'
(Font)                  U/euf/m/n --> U/euf/b/n on input line 106.
)) (/usr/share/texmf-dist/tex/generic/iftex/iftex.sty
Package: iftex 2022/02/03 v1.0f TeX engine tests
) (/usr/share/texmf-dist/tex/latex/unicode-math/unicode-math.sty (/usr/share/te
xmf-dist/tex/latex/l3kernel/expl3.sty
Package: expl3 2023-02-22 L3 programming layer (loader) 
(/usr/share/texmf-dist/tex/latex/l3backend/l3backend-luatex.def
File: l3backend-luatex.def 2023-01-16 L3 backend support: PDF output (LuaTeX)
\l__color_backend_stack_int=\count269
\l__pdf_internal_box=\box53
))
Package: unicode-math 2020/01/31 v0.8q Unicode maths in XeLaTeX and LuaLaTeX
(/usr/share/texmf-dist/tex/latex/unicode-math/unicode-math-luatex.sty
Package: unicode-math-luatex 2020/01/31 v0.8q Unicode maths in XeLaTeX and LuaL
aTeX
(/usr/share/texmf-dist/tex/latex/l3packages/xparse/xparse.sty
Package: xparse 2023-02-02 L3 Experimental document command parser
) (/usr/share/texmf-dist/tex/latex/l3packages/l3keys2e/l3keys2e.sty
Package: l3keys2e 2023-02-02 LaTeX2e option processing using LaTeX3 keys
) (/usr/share/texmf-dist/tex/latex/fontspec/fontspec.sty
Package: fontspec 2022/01/15 v2.8a Font selection for XeLaTeX and LuaLaTeX
Lua module: fontspec 2022/01/15 2.8a Font selection for XeLaTeX and LuaLaTeX (/
usr/share/texmf-dist/tex/latex/fontspec/fontspec-luatex.sty
Package: fontspec-luatex 2022/01/15 v2.8a Font selection for XeLaTeX and LuaLaT
eX
\l__fontspec_script_int=\count270
\l__fontspec_language_int=\count271
\l__fontspec_strnum_int=\count272
\l__fontspec_tmp_int=\count273
\l__fontspec_tmpa_int=\count274
\l__fontspec_tmpb_int=\count275
\l__fontspec_tmpc_int=\count276
\l__fontspec_em_int=\count277
\l__fontspec_emdef_int=\count278
\l__fontspec_strong_int=\count279
\l__fontspec_strongdef_int=\count280
\l__fontspec_tmpa_dim=\dimen149
\l__fontspec_tmpb_dim=\dimen150
\l__fontspec_tmpc_dim=\dimen151
(/usr/share/texmf-dist/tex/latex/base/fontenc.sty
Package: fontenc 2021/04/29 v2.0v Standard LaTeX package
) (/usr/share/texmf-dist/tex/latex/fontspec/fontspec.cfg))) (/usr/share/texmf-d
ist/tex/latex/base/fix-cm.sty
Package: fix-cm 2020/11/24 v1.1t fixes to LaTeX
(/usr/share/texmf-dist/tex/latex/base/ts1enc.def
File: ts1enc.def 2001/06/05 v3.0e (jk/car/fm) Standard LaTeX file
LaTeX Font Info:    Redeclaring font encoding TS1 on input line 47.
)) (/usr/share/texmf-dist/tex/lualatex/lualatex-math/lualatex-math.sty
Package: lualatex-math 2022/01/01 v1.12 Patches for mathematics typesetting wit
h LuaLaTeX
(/usr/share/texmf-dist/tex/latex/etoolbox/etoolbox.sty
Package: etoolbox 2020/10/05 v2.5k e-TeX tools for LaTeX (JAW)
\etb@tempcnta=\count281
)
Lua module: lualatex-math 2013/08/03 1.3 Patches for mathematics typesetting wit
h LuaLaTeX)
\g__um_fam_int=\count282
\g__um_fonts_used_int=\count283
\l__um_primecount_int=\count284
\g__um_primekern_muskip=\muskip17
(/usr/share/texmf-dist/tex/latex/unicode-math/unicode-math-table.tex))) (/usr/s
hare/texmf-dist/tex/latex/lm/lmodern.sty
Package: lmodern 2015/05/01 v1.6.1 Latin Modern Fonts
LaTeX Font Info:    Overwriting symbol font `operators' in version `normal'
(Font)                  OT1/cmr/m/n --> OT1/lmr/m/n on input line 22.
LaTeX Font Info:    Overwriting symbol font `letters' in version `normal'
(Font)                  OML/cmm/m/it --> OML/lmm/m/it on input line 23.
LaTeX Font Info:    Overwriting symbol font `symbols' in version `normal'
(Font)                  OMS/cmsy/m/n --> OMS/lmsy/m/n on input line 24.
LaTeX Font Info:    Overwriting symbol font `largesymbols' in version `normal'
(Font)                  OMX/cmex/m/n --> OMX/lmex/m/n on input line 25.
LaTeX Font Info:    Overwriting symbol font `operators' in version `bold'
(Font)                  OT1/cmr/bx/n --> OT1/lmr/bx/n on input line 26.
LaTeX Font Info:    Overwriting symbol font `letters' in version `bold'
(Font)                  OML/cmm/b/it --> OML/lmm/b/it on input line 27.
LaTeX Font Info:    Overwriting symbol font `symbols' in version `bold'
(Font)                  OMS/cmsy/b/n --> OMS/lmsy/b/n on input line 28.
LaTeX Font Info:    Overwriting symbol font `largesymbols' in version `bold'
(Font)                  OMX/cmex/m/n --> OMX/lmex/m/n on input line 29.
LaTeX Font Info:    Overwriting math alphabet `\mathbf' in version `normal'
(Font)                  OT1/cmr/bx/n --> OT1/lmr/bx/n on input line 31.
LaTeX Font Info:    Overwriting math alphabet `\mathsf' in version `normal'
(Font)                  OT1/cmss/m/n --> OT1/lmss/m/n on input line 32.
LaTeX Font Info:    Overwriting math alphabet `\mathit' in version `normal'
(Font)                  OT1/cmr/m/it --> OT1/lmr/m/it on input line 33.
LaTeX Font Info:    Overwriting math alphabet `\mathtt' in version `normal'
(Font)                  OT1/cmtt/m/n --> OT1/lmtt/m/n on input line 34.
LaTeX Font Info:    Overwriting math alphabet `\mathbf' in version `bold'
(Font)                  OT1/cmr/bx/n --> OT1/lmr/bx/n on input line 35.
LaTeX Font Info:    Overwriting math alphabet `\mathsf' in version `bold'
(Font)                  OT1/cmss/bx/n --> OT1/lmss/bx/n on input line 36.
LaTeX Font Info:    Overwriting math alphabet `\mathit' in version `bold'
(Font)                  OT1/cmr/bx/it --> OT1/lmr/bx/it on input line 37.
LaTeX Font Info:    Overwriting math alphabet `\mathtt' in version `bold'
(Font)                  OT1/cmtt/m/n --> OT1/lmtt/m/n on input line 38.
)
luaotfload | cache : Lookup cache loaded from /home/tavad/.texlive/texmf-var/lua
tex-cache/generic/names/luaotfload-lookup-cache.luc.

Package fontspec Info: DejaVuSerif scale = 0.8303715005541494.


Package fontspec Info: DejaVuSerif scale = 0.8303715005541494.

luaotfload | aux : font no 23 (nil) does not define feature smcp for script latn
 with language dflt

Package fontspec Info: DejaVuSerif/B scale = 0.8303715005541494.

luaotfload | aux : font no 24 (nil) does not define feature smcp for script latn
 with language dflt

Package fontspec Info: DejaVuSerif/I scale = 0.8303715005541494.

luaotfload | aux : font no 25 (nil) does not define feature smcp for script latn
 with language dflt

Package fontspec Info: DejaVuSerif/BI scale = 0.8303715005541494.

luaotfload | aux : font no 26 (nil) does not define feature smcp for script latn
 with language dflt

Package fontspec Info: Font family 'DejaVuSerif(0)' created for font 'DejaVu
(fontspec)             Serif' with options
(fontspec)             [Scale=MatchLowercase,Ligatures=TeX,Scale=1].
(fontspec)              
(fontspec)              This font family consists of the following NFSS
(fontspec)             series/shapes:
(fontspec)              
(fontspec)             - 'normal' (m/n) with NFSS spec.:
(fontspec)             <->s*[1]"DejaVuSerif:mode=node;script=latn;language=dflt
;+tlig;"
(fontspec)             - 'small caps'  (m/sc) with NFSS spec.: 
(fontspec)             - 'bold' (b/n) with NFSS spec.:
(fontspec)             <->s*[1]"DejaVuSerif/B:mode=node;script=latn;language=df
lt;+tlig;"
(fontspec)             - 'bold small caps'  (b/sc) with NFSS spec.: 
(fontspec)             - 'italic' (m/it) with NFSS spec.:
(fontspec)             <->s*[1]"DejaVuSerif/I:mode=node;script=latn;language=df
lt;+tlig;"
(fontspec)             - 'italic small caps'  (m/scit) with NFSS spec.: 
(fontspec)             - 'bold italic' (b/it) with NFSS spec.:
(fontspec)             <->s*[1]"DejaVuSerif/BI:mode=node;script=latn;language=d
flt;+tlig;"
(fontspec)             - 'bold italic small caps'  (b/scit) with NFSS spec.: 

LaTeX Font Info:    Font shape `TU/DejaVuSerif(0)/m/n' will be
(Font)              scaled to size 10.0pt on input line 22.

Package fontspec Info: DejaVuSerif scale = 0.9999970602156039.


Package fontspec Info: DejaVuSerif scale = 0.9999970602156039.

luaotfload | aux : font no 34 (nil) does not define feature smcp for script latn
 with language dflt

Package fontspec Info: DejaVuSerif/B scale = 0.9999970602156039.

luaotfload | aux : font no 35 (nil) does not define feature smcp for script latn
 with language dflt

Package fontspec Info: DejaVuSerif/I scale = 0.9999970602156039.

luaotfload | aux : font no 36 (nil) does not define feature smcp for script latn
 with language dflt

Package fontspec Info: DejaVuSerif/BI scale = 0.9999970602156039.

luaotfload | aux : font no 37 (nil) does not define feature smcp for script latn
 with language dflt

Package fontspec Info: Font family 'DejaVuSerif(1)' created for font 'DejaVu
(fontspec)             Serif' with options
(fontspec)             [Scale=MatchLowercase,Renderer=Basic].
(fontspec)              
(fontspec)              This font family consists of the following NFSS
(fontspec)             series/shapes:
(fontspec)              
(fontspec)             - 'normal' (m/n) with NFSS spec.:
(fontspec)             <->s*[0.9999970602156039]"DejaVuSerif:mode=base;script=l
atn;language=dflt;"
(fontspec)             - 'small caps'  (m/sc) with NFSS spec.: 
(fontspec)             - 'bold' (b/n) with NFSS spec.:
(fontspec)             <->s*[0.9999970602156039]"DejaVuSerif/B:mode=base;script
=latn;language=dflt;"
(fontspec)             - 'bold small caps'  (b/sc) with NFSS spec.: 
(fontspec)             - 'italic' (m/it) with NFSS spec.:
(fontspec)             <->s*[0.9999970602156039]"DejaVuSerif/I:mode=base;script
=latn;language=dflt;"
(fontspec)             - 'italic small caps'  (m/scit) with NFSS spec.: 
(fontspec)             - 'bold italic' (b/it) with NFSS spec.:
(fontspec)             <->s*[0.9999970602156039]"DejaVuSerif/BI:mode=base;scrip
t=latn;language=dflt;"
(fontspec)             - 'bold italic small caps'  (b/scit) with NFSS spec.: 

LaTeX Font Info:    Overwriting math alphabet `\mathrm' in version `normal'
(Font)                  OT1/lmr/m/n --> TU/DejaVuSerif(1)/m/n on input line 22.

LaTeX Font Info:    Overwriting math alphabet `\mathit' in version `normal'
(Font)                  OT1/lmr/m/it --> TU/DejaVuSerif(1)/m/it on input line 2
2.
LaTeX Font Info:    Overwriting math alphabet `\mathbf' in version `normal'
(Font)                  OT1/lmr/bx/n --> TU/DejaVuSerif(1)/b/n on input line 22
.
(/usr/share/texmf-dist/tex/latex/upquote/upquote.sty
Package: upquote 2012/04/19 v1.3 upright-quote and grave-accent glyphs in verba
tim
(/usr/share/texmf-dist/tex/latex/base/textcomp.sty
Package: textcomp 2020/02/02 v2.0n Standard LaTeX package
)) (/usr/share/texmf-dist/tex/latex/microtype/microtype.sty
Package: microtype 2023/03/13 v3.1a Micro-typographical refinements (RS)
(/usr/share/texmf-dist/tex/latex/graphics/keyval.sty
Package: keyval 2022/05/29 v1.15 key=value parser (DPC)
\KV@toks@=\toks21
)
\MT@toks=\toks22
\MT@tempbox=\box54
\MT@count=\count285
LaTeX Info: Redefining \noprotrusionifhmode on input line 1059.
LaTeX Info: Redefining \leftprotrusion on input line 1060.
\MT@prot@toks=\toks23
LaTeX Info: Redefining \rightprotrusion on input line 1078.
LaTeX Info: Redefining \textls on input line 1368.
\MT@outer@kern=\dimen152
LaTeX Info: Redefining \textmicrotypecontext on input line 1988.
\MT@listname@count=\count286
(/usr/share/texmf-dist/tex/latex/microtype/microtype-luatex.def
File: microtype-luatex.def 2023/03/13 v3.1a Definitions specific to luatex (RS)

Lua module: microtype 2023/03/13 3.1a microtype module.
Module microtype Info: overwriting function `keepligature' on input line 63
LaTeX Info: Redefining \lsstyle on input line 688.
LaTeX Info: Redefining \lslig on input line 688.
\MT@outer@space=\skip53
)
Package microtype Info: Loading configuration file microtype.cfg.
(/usr/share/texmf-dist/tex/latex/microtype/microtype.cfg
File: microtype.cfg 2023/03/13 v3.1a microtype main configuration file (RS)
)) (/usr/share/texmf-dist/tex/latex/parskip/parskip.sty
Package: parskip 2021-03-14 v2.0h non-zero parskip adjustments
(/usr/share/texmf-dist/tex/latex/kvoptions/kvoptions.sty
Package: kvoptions 2022-06-15 v3.15 Key value format for package options (HO)
(/usr/share/texmf-dist/tex/generic/ltxcmds/ltxcmds.sty
Package: ltxcmds 2020-05-10 v1.25 LaTeX kernel commands for general use (HO)
) (/usr/share/texmf-dist/tex/latex/kvsetkeys/kvsetkeys.sty
Package: kvsetkeys 2022-10-05 v1.19 Key value parser (HO)
))) (/usr/share/texmf-dist/tex/latex/xcolor/xcolor.sty
Package: xcolor 2022/06/12 v2.14 LaTeX color extensions (UK)
(/usr/share/texmf-dist/tex/latex/graphics-cfg/color.cfg
File: color.cfg 2016/01/02 v1.6 sample color configuration
)
Package xcolor Info: Driver file: luatex.def on input line 227.
(/usr/share/texmf-dist/tex/latex/graphics-def/luatex.def
File: luatex.def 2022/09/22 v1.2d Graphics/color driver for luatex
) (/usr/share/texmf-dist/tex/latex/graphics/mathcolor.ltx)
Package xcolor Info: Model `cmy' substituted by `cmy0' on input line 1353.
Package xcolor Info: Model `hsb' substituted by `rgb' on input line 1357.
Package xcolor Info: Model `RGB' extended on input line 1369.
Package xcolor Info: Model `HTML' substituted by `rgb' on input line 1371.
Package xcolor Info: Model `Hsb' substituted by `hsb' on input line 1372.
Package xcolor Info: Model `tHsb' substituted by `hsb' on input line 1373.
Package xcolor Info: Model `HSB' substituted by `hsb' on input line 1374.
Package xcolor Info: Model `Gray' substituted by `gray' on input line 1375.
Package xcolor Info: Model `wave' substituted by `hsb' on input line 1376.
) (/usr/share/texmf-dist/tex/latex/geometry/geometry.sty
Package: geometry 2020/01/02 v5.9 Page Geometry
(/usr/share/texmf-dist/tex/generic/iftex/ifvtex.sty
Package: ifvtex 2019/10/25 v1.7 ifvtex legacy package. Use iftex instead.
)
\Gm@cnth=\count287
\Gm@cntv=\count288
\c@Gm@tempcnt=\count289
\Gm@bindingoffset=\dimen153
\Gm@wd@mp=\dimen154
\Gm@odd@mp=\dimen155
\Gm@even@mp=\dimen156
\Gm@layoutwidth=\dimen157
\Gm@layoutheight=\dimen158
\Gm@layouthoffset=\dimen159
\Gm@layoutvoffset=\dimen160
\Gm@dimlist=\toks24
) (/usr/share/texmf-dist/tex/latex/graphics/graphicx.sty
Package: graphicx 2021/09/16 v1.2d Enhanced LaTeX Graphics (DPC,SPQR)
(/usr/share/texmf-dist/tex/latex/graphics/graphics.sty
Package: graphics 2022/03/10 v1.4e Standard LaTeX Graphics (DPC,SPQR)
(/usr/share/texmf-dist/tex/latex/graphics/trig.sty
Package: trig 2021/08/11 v1.11 sin cos tan (DPC)
) (/usr/share/texmf-dist/tex/latex/graphics-cfg/graphics.cfg
File: graphics.cfg 2016/06/04 v1.11 sample graphics configuration
)
Package graphics Info: Driver file: luatex.def on input line 107.
)
\Gin@req@height=\dimen161
\Gin@req@width=\dimen162
) (/usr/share/texmf-dist/tex/latex/booktabs/booktabs.sty
Package: booktabs 2020/01/12 v1.61803398 Publication quality tables
\heavyrulewidth=\dimen163
\lightrulewidth=\dimen164
\cmidrulewidth=\dimen165
\belowrulesep=\dimen166
\belowbottomsep=\dimen167
\aboverulesep=\dimen168
\abovetopsep=\dimen169
\cmidrulesep=\dimen170
\cmidrulekern=\dimen171
\defaultaddspace=\dimen172
\@cmidla=\count290
\@cmidlb=\count291
\@aboverulesep=\dimen173
\@belowrulesep=\dimen174
\@thisruleclass=\count292
\@lastruleclass=\count293
\@thisrulewidth=\dimen175
) (/usr/share/texmf-dist/tex/latex/caption/caption.sty
Package: caption 2023/03/12 v3.6j Customizing captions (AR)
(/usr/share/texmf-dist/tex/latex/caption/caption3.sty
Package: caption3 2023/03/12 v2.4 caption3 kernel (AR)
\caption@tempdima=\dimen176
\captionmargin=\dimen177
\caption@leftmargin=\dimen178
\caption@rightmargin=\dimen179
\caption@width=\dimen180
\caption@indent=\dimen181
\caption@parindent=\dimen182
\caption@hangindent=\dimen183
Package caption Info: Standard document class detected.
)
\c@caption@flags=\count294
\c@continuedfloat=\count295
) (/usr/share/texmf-dist/tex/latex/tools/longtable.sty
Package: longtable 2021-09-01 v4.17 Multi-page Table package (DPC)
\LTleft=\skip54
\LTright=\skip55
\LTpre=\skip56
\LTpost=\skip57
\LTchunksize=\count296
\LTcapwidth=\dimen184
\LT@head=\box55
\LT@firsthead=\box56
\LT@foot=\box57
\LT@lastfoot=\box58
\LT@gbox=\box59
\LT@cols=\count297
\LT@rows=\count298
\c@LT@tables=\count299
\c@LT@chunks=\count300
\LT@p@ftn=\toks25
) (/usr/share/texmf-dist/tex/latex/colortbl/colortbl.sty
Package: colortbl 2022/06/20 v1.0f Color table columns (DPC)
(/usr/share/texmf-dist/tex/latex/tools/array.sty
Package: array 2022/09/04 v2.5g Tabular extension package (FMi)
\col@sep=\dimen185
\ar@mcellbox=\box60
\extrarowheight=\dimen186
\NC@list=\toks26
\extratabsurround=\skip58
\backup@length=\skip59
\ar@cellbox=\box61
)
\everycr=\toks27
\minrowclearance=\skip60
\rownum=\count301
) (/usr/share/texmf-dist/tex/lualatex/selnolig/selnolig.sty
=== Package selnolig, Version 0.302, Date 2015/10/26 ===
Package: selnolig 2015/10/26
(/usr/share/texmf-dist/tex/generic/iftex/ifluatex.sty
Package: ifluatex 2019/10/25 v1.5 ifluatex legacy package. Use iftex instead.
) (/usr/share/texmf-dist/tex/luatex/luatexbase/luatexbase.sty
Package: luatexbase 2015/10/04 v1.3 luatexbase interface to LuaTeX 
(/usr/share/texmf-dist/tex/luatex/ctablestack/ctablestack.sty
Package: ctablestack 2015/10/01 v1.0 Catcode table stable support
\@catcodetablestackcnt=\count302
)
\CatcodeTableOther=\catcodetable12
\CatcodeTableExpl=\catcodetable13
)
Inserting `Suppress ligatures selectively' in `ligaturing'.) (/usr/share/texmf-
dist/tex/latex/bookmark/bookmark.sty
Package: bookmark 2020-11-06 v1.29 PDF bookmarks (HO)
(/usr/share/texmf-dist/tex/latex/hyperref/hyperref.sty
Package: hyperref 2023-02-07 v7.00v Hypertext links for LaTeX
(/usr/share/texmf-dist/tex/generic/pdftexcmds/pdftexcmds.sty
Package: pdftexcmds 2020-06-27 v0.33 Utility functions of pdfTeX for LuaTeX (HO
)
(/usr/share/texmf-dist/tex/generic/infwarerr/infwarerr.sty
Package: infwarerr 2019/12/03 v1.5 Providing info/warning/error messages (HO)
)
Package pdftexcmds Info: \pdf@primitive is available.
Package pdftexcmds Info: \pdf@ifprimitive is available.
Package pdftexcmds Info: \pdfdraftmode found.
\pdftexcmds@toks=\toks28
) (/usr/share/texmf-dist/tex/generic/kvdefinekeys/kvdefinekeys.sty
Package: kvdefinekeys 2019-12-19 v1.6 Define keys (HO)
) (/usr/share/texmf-dist/tex/generic/pdfescape/pdfescape.sty
Package: pdfescape 2019/12/09 v1.15 Implements pdfTeX's escape features (HO)
) (/usr/share/texmf-dist/tex/latex/hycolor/hycolor.sty
Package: hycolor 2020-01-27 v1.10 Color options for hyperref/bookmark (HO)
) (/usr/share/texmf-dist/tex/latex/letltxmacro/letltxmacro.sty
Package: letltxmacro 2019/12/03 v1.6 Let assignment for LaTeX macros (HO)
) (/usr/share/texmf-dist/tex/latex/auxhook/auxhook.sty
Package: auxhook 2019-12-17 v1.6 Hooks for auxiliary files (HO)
) (/usr/share/texmf-dist/tex/latex/hyperref/nameref.sty
Package: nameref 2022-05-17 v2.50 Cross-referencing by name of section
(/usr/share/texmf-dist/tex/latex/refcount/refcount.sty
Package: refcount 2019/12/15 v3.6 Data extraction from label references (HO)
) (/usr/share/texmf-dist/tex/generic/gettitlestring/gettitlestring.sty
Package: gettitlestring 2019/12/15 v1.6 Cleanup title references (HO)
)
\c@section@level=\count303
)
\@linkdim=\dimen187
\Hy@linkcounter=\count304
\Hy@pagecounter=\count305
(/usr/share/texmf-dist/tex/latex/hyperref/pd1enc.def
File: pd1enc.def 2023-02-07 v7.00v Hyperref: PDFDocEncoding definition (HO)
) (/usr/share/texmf-dist/tex/generic/intcalc/intcalc.sty
Package: intcalc 2019/12/15 v1.3 Expandable calculations with integers (HO)
) (/usr/share/texmf-dist/tex/generic/etexcmds/etexcmds.sty
Package: etexcmds 2019/12/15 v1.7 Avoid name clashes with e-TeX commands (HO)
)
\Hy@SavedSpaceFactor=\count306
(/usr/share/texmf-dist/tex/latex/hyperref/puenc.def
File: puenc.def 2023-02-07 v7.00v Hyperref: PDF Unicode definition (HO)
)
Package hyperref Info: Option `unicode' set `true' on input line 4060.
Package hyperref Info: Hyper figures OFF on input line 4177.
Package hyperref Info: Link nesting OFF on input line 4182.
Package hyperref Info: Hyper index ON on input line 4185.
Package hyperref Info: Plain pages OFF on input line 4192.
Package hyperref Info: Backreferencing OFF on input line 4197.
Package hyperref Info: Implicit mode ON; LaTeX internals redefined.
Package hyperref Info: Bookmarks ON on input line 4425.
\c@Hy@tempcnt=\count307
(/usr/share/texmf-dist/tex/latex/url/url.sty
\Urlmuskip=\muskip18
Package: url 2013/09/16  ver 3.4  Verb mode for urls, etc.
)
LaTeX Info: Redefining \url on input line 4763.
\XeTeXLinkMargin=\dimen188
(/usr/share/texmf-dist/tex/generic/bitset/bitset.sty
Package: bitset 2019/12/09 v1.3 Handle bit-vector datatype (HO)
(/usr/share/texmf-dist/tex/generic/bigintcalc/bigintcalc.sty
Package: bigintcalc 2019/12/15 v1.5 Expandable calculations on big integers (HO
)
))
\Fld@menulength=\count308
\Field@Width=\dimen189
\Fld@charsize=\dimen190
Package hyperref Info: Hyper figures OFF on input line 6042.
Package hyperref Info: Link nesting OFF on input line 6047.
Package hyperref Info: Hyper index ON on input line 6050.
Package hyperref Info: backreferencing OFF on input line 6057.
Package hyperref Info: Link coloring OFF on input line 6062.
Package hyperref Info: Link coloring with OCG OFF on input line 6067.
Package hyperref Info: PDF/A mode OFF on input line 6072.
(/usr/share/texmf-dist/tex/latex/base/atbegshi-ltx.sty
Package: atbegshi-ltx 2021/01/10 v1.0c Emulation of the original atbegshi
package with kernel methods
)
\Hy@abspage=\count309
\c@Item=\count310
\c@Hfootnote=\count311
)
Package hyperref Info: Driver (autodetected): hluatex.
(/usr/share/texmf-dist/tex/latex/hyperref/hluatex.def
File: hluatex.def 2023-02-07 v7.00v Hyperref driver for luaTeX
(/usr/share/texmf-dist/tex/generic/stringenc/stringenc.sty
Package: stringenc 2019/11/29 v1.12 Convert strings between diff. encodings (HO
)
) (/usr/share/texmf-dist/tex/latex/base/atveryend-ltx.sty
Package: atveryend-ltx 2020/08/19 v1.0a Emulation of the original atveryend pac
kage
with kernel methods
)
\Fld@listcount=\count312
\c@bookmark@seq@number=\count313
(/usr/share/texmf-dist/tex/latex/rerunfilecheck/rerunfilecheck.sty
Package: rerunfilecheck 2022-07-10 v1.10 Rerun checks for auxiliary files (HO)
(/usr/share/texmf-dist/tex/generic/uniquecounter/uniquecounter.sty
Package: uniquecounter 2019/12/15 v1.4 Provide unlimited unique counter (HO)
)
Package uniquecounter Info: New unique counter `rerunfilecheck' on input line 2
85.
)
\Hy@SectionHShift=\skip61
) (/usr/share/texmf-dist/tex/latex/bookmark/bkm-pdftex.def
File: bkm-pdftex.def 2020-11-06 v1.29 bookmark driver for pdfTeX (HO)
\BKM@id=\count314
)) (/usr/share/texmf-dist/tex/latex/xurl/xurl.sty
Package: xurl 2022/01/09 v 0.10 modify URL breaks
)
No file household_3_in_1.aux.

\openout1 = household_3_in_1.aux
LaTeX Font Info:    Checking defaults for OML/cmm/m/it on input line 79.
LaTeX Font Info:    ... okay on input line 79.
LaTeX Font Info:    Checking defaults for OMS/cmsy/m/n on input line 79.
LaTeX Font Info:    ... okay on input line 79.
LaTeX Font Info:    Checking defaults for OT1/cmr/m/n on input line 79.
LaTeX Font Info:    ... okay on input line 79.
LaTeX Font Info:    Checking defaults for T1/cmr/m/n on input line 79.
LaTeX Font Info:    ... okay on input line 79.
LaTeX Font Info:    Checking defaults for TS1/cmr/m/n on input line 79.
LaTeX Font Info:    ... okay on input line 79.
LaTeX Font Info:    Checking defaults for TU/lmr/m/n on input line 79.
LaTeX Font Info:    ... okay on input line 79.
LaTeX Font Info:    Checking defaults for OMX/cmex/m/n on input line 79.
LaTeX Font Info:    ... okay on input line 79.
LaTeX Font Info:    Checking defaults for U/cmr/m/n on input line 79.
LaTeX Font Info:    ... okay on input line 79.
LaTeX Font Info:    Checking defaults for PD1/pdf/m/n on input line 79.
LaTeX Font Info:    ... okay on input line 79.
LaTeX Font Info:    Checking defaults for PU/pdf/m/n on input line 79.
LaTeX Font Info:    ... okay on input line 79.
LaTeX Font Info:    Overwriting math alphabet `\mathsf' in version `normal'
(Font)                  OT1/lmss/m/n --> TU/lmss/m/n on input line 79.
LaTeX Font Info:    Overwriting math alphabet `\mathsf' in version `bold'
(Font)                  OT1/lmss/bx/n --> TU/lmss/b/n on input line 79.
LaTeX Font Info:    Overwriting math alphabet `\mathtt' in version `normal'
(Font)                  OT1/lmtt/m/n --> TU/lmtt/m/n on input line 79.
LaTeX Font Info:    Overwriting math alphabet `\mathtt' in version `bold'
(Font)                  OT1/lmtt/m/n --> TU/lmtt/b/n on input line 79.

Package fontspec Info: latinmodern-math scale = 1.204272448231791.


Package fontspec Info: latinmodern-math scale = 1.204272448231791.


Package fontspec Info: latinmodern-math scale = 1.204272448231791.


Package fontspec Info: Font family 'latinmodern-math.otf(0)' created for font
(fontspec)             'latinmodern-math.otf' with options
(fontspec)             [Scale=MatchLowercase,Renderer=Basic,BoldItalicFont={},I
talicFont={},SmallCapsFont={},Script=Math,FontAdjustment={\__um_luatex_copy_fon
tdimens:
(fontspec)             },BoldFont={latinmodern-math.otf}].
(fontspec)              
(fontspec)              This font family consists of the following NFSS
(fontspec)             series/shapes:
(fontspec)              
(fontspec)             - 'normal' (m/n) with NFSS spec.:
(fontspec)             <->s*[1.204272448231791]"[latinmodern-math.otf]:mode=bas
e;script=math;language=dflt;"
(fontspec)             - 'small caps'  (m/sc) with NFSS spec.: 
(fontspec)             and font adjustment code:
(fontspec)             \__um_luatex_copy_fontdimens: 
(fontspec)             - 'bold' (b/n) with NFSS spec.:
(fontspec)             <->s*[1.204272448231791]"[latinmodern-math.otf]:mode=bas
e;script=math;language=dflt;"
(fontspec)             - 'bold small caps'  (b/sc) with NFSS spec.: 
(fontspec)             and font adjustment code:
(fontspec)             \__um_luatex_copy_fontdimens: 

LaTeX Font Info:    Font shape `TU/latinmodern-math.otf(0)/m/n' will be
(Font)              scaled to size 12.0427pt on input line 79.

Package fontspec Info: latinmodern-math scale = 1.204272448231791.


Package fontspec Info: latinmodern-math scale = 1.204272448231791.


Package fontspec Info: latinmodern-math scale = 1.204272448231791.


Package fontspec Info: latinmodern-math scale = 1.204272448231791.


Package fontspec Info: latinmodern-math scale = 1.204272448231791.


Package fontspec Info: Font family 'latinmodern-math.otf(1)' created for font
(fontspec)             'latinmodern-math.otf' with options
(fontspec)             [Scale=MatchLowercase,Renderer=Basic,BoldItalicFont={},I
talicFont={},SmallCapsFont={},Script=Math,SizeFeatures={{Size=8.5-},{Size=6-8.5
,Font=latinmodern-math.otf,Style=MathScript},{Size=-6,Font=latinmodern-math.otf
,Style=MathScriptScript}},FontAdjustment={\__um_luatex_copy_fontdimens:
(fontspec)             },BoldFont={latinmodern-math.otf}].
(fontspec)              
(fontspec)              This font family consists of the following NFSS
(fontspec)             series/shapes:
(fontspec)              
(fontspec)             - 'normal' (m/n) with NFSS spec.:
(fontspec)             <8.5->s*[1.204272448231791]"[latinmodern-math.otf]:mode=
base;script=math;language=dflt;"<6-8.5>s*[1.204272448231791]"[latinmodern-math.
otf]:mode=base;script=math;language=dflt;+ssty=0;"<-6>s*[1.204272448231791]"[la
tinmodern-math.otf]:mode=base;script=math;language=dflt;+ssty=1;"
(fontspec)             - 'small caps'  (m/sc) with NFSS spec.: 
(fontspec)             and font adjustment code:
(fontspec)             \__um_luatex_copy_fontdimens: 
(fontspec)             - 'bold' (b/n) with NFSS spec.:
(fontspec)             <->s*[1.204272448231791]"[latinmodern-math.otf]:mode=bas
e;script=math;language=dflt;"
(fontspec)             - 'bold small caps'  (b/sc) with NFSS spec.: 
(fontspec)             and font adjustment code:
(fontspec)             \__um_luatex_copy_fontdimens: 

LaTeX Font Info:    Font shape `TU/latinmodern-math.otf(1)/m/n' will be
(Font)              scaled to size 12.0427pt on input line 79.
LaTeX Font Info:    Encoding `OT1' has changed to `TU' for symbol font
(Font)              `operators' in the math version `normal' on input line 79.
LaTeX Font Info:    Overwriting symbol font `operators' in version `normal'
(Font)                  OT1/lmr/m/n --> TU/latinmodern-math.otf(1)/m/n on input
 line 79.
LaTeX Font Info:    Encoding `OT1' has changed to `TU' for symbol font
(Font)              `operators' in the math version `bold' on input line 79.
LaTeX Font Info:    Overwriting symbol font `operators' in version `bold'
(Font)                  OT1/lmr/bx/n --> TU/latinmodern-math.otf(1)/b/n on inpu
t line 79.

Package fontspec Info: latinmodern-math scale = 1.204272448231791.


Package fontspec Info: latinmodern-math scale = 1.204392875476614.


Package fontspec Info: latinmodern-math scale = 1.204272448231791.


Package fontspec Info: latinmodern-math scale = 1.204392875476614.


Package fontspec Info: latinmodern-math scale = 1.204272448231791.


Package fontspec Info: latinmodern-math scale = 1.204392875476614.


Package fontspec Info: latinmodern-math scale = 1.204272448231791.


Package fontspec Info: latinmodern-math scale = 1.204392875476614.


Package fontspec Info: latinmodern-math scale = 1.204272448231791.


Package fontspec Info: latinmodern-math scale = 1.204392875476614.


Package fontspec Info: Font family 'latinmodern-math.otf(2)' created for font
(fontspec)             'latinmodern-math.otf' with options
(fontspec)             [Scale=MatchLowercase,Renderer=Basic,BoldItalicFont={},I
talicFont={},SmallCapsFont={},Script=Math,SizeFeatures={{Size=8.5-},{Size=6-8.5
,Font=latinmodern-math.otf,Style=MathScript},{Size=-6,Font=latinmodern-math.otf
,Style=MathScriptScript}},FontAdjustment={\__um_luatex_copy_fontdimens:
(fontspec)             },BoldFont={latinmodern-math.otf},ScaleAgain=1.0001,Font
Adjustment={\fontdimen
(fontspec)             8\font =8.1529pt\relax \fontdimen 9\font
(fontspec)             =4.74481pt\relax \fontdimen 10\font =5.34695pt\relax
(fontspec)             \fontdimen 11\font =8.26128pt\relax \fontdimen 12\font
(fontspec)             =4.15472pt\relax \fontdimen 13\font =4.37149pt\relax
(fontspec)             \fontdimen 14\font =4.37149pt\relax \fontdimen 15\font
(fontspec)             =3.48033pt\relax \fontdimen 16\font =2.97453pt\relax
(fontspec)             \fontdimen 17\font =2.97453pt\relax \fontdimen 18\font
(fontspec)             =3.01067pt\relax \fontdimen 19\font =2.40854pt\relax
(fontspec)             \fontdimen 22\font =3.01067pt\relax \fontdimen 20\font
(fontspec)             =0pt\relax \fontdimen 21\font =0pt\relax }].
(fontspec)              
(fontspec)              This font family consists of the following NFSS
(fontspec)             series/shapes:
(fontspec)              
(fontspec)             - 'normal' (m/n) with NFSS spec.:
(fontspec)             <8.5->s*[1.204392875476614]"[latinmodern-math.otf]:mode=
base;script=math;language=dflt;"<6-8.5>s*[1.204392875476614]"[latinmodern-math.
otf]:mode=base;script=math;language=dflt;+ssty=0;"<-6>s*[1.204392875476614]"[la
tinmodern-math.otf]:mode=base;script=math;language=dflt;+ssty=1;"
(fontspec)             - 'small caps'  (m/sc) with NFSS spec.: 
(fontspec)             and font adjustment code:
(fontspec)             \__um_luatex_copy_fontdimens: \fontdimen 8\font
(fontspec)             =8.1529pt\relax \fontdimen 9\font =4.74481pt\relax
(fontspec)             \fontdimen 10\font =5.34695pt\relax \fontdimen 11\font
(fontspec)             =8.26128pt\relax \fontdimen 12\font =4.15472pt\relax
(fontspec)             \fontdimen 13\font =4.37149pt\relax \fontdimen 14\font
(fontspec)             =4.37149pt\relax \fontdimen 15\font =3.48033pt\relax
(fontspec)             \fontdimen 16\font =2.97453pt\relax \fontdimen 17\font
(fontspec)             =2.97453pt\relax \fontdimen 18\font =3.01067pt\relax
(fontspec)             \fontdimen 19\font =2.40854pt\relax \fontdimen 22\font
(fontspec)             =3.01067pt\relax \fontdimen 20\font =0pt\relax
(fontspec)             \fontdimen 21\font =0pt\relax 
(fontspec)             - 'bold' (b/n) with NFSS spec.:
(fontspec)             <->s*[1.204392875476614]"[latinmodern-math.otf]:mode=bas
e;script=math;language=dflt;"
(fontspec)             - 'bold small caps'  (b/sc) with NFSS spec.: 
(fontspec)             and font adjustment code:
(fontspec)             \__um_luatex_copy_fontdimens: \fontdimen 8\font
(fontspec)             =8.1529pt\relax \fontdimen 9\font =4.74481pt\relax
(fontspec)             \fontdimen 10\font =5.34695pt\relax \fontdimen 11\font
(fontspec)             =8.26128pt\relax \fontdimen 12\font =4.15472pt\relax
(fontspec)             \fontdimen 13\font =4.37149pt\relax \fontdimen 14\font
(fontspec)             =4.37149pt\relax \fontdimen 15\font =3.48033pt\relax
(fontspec)             \fontdimen 16\font =2.97453pt\relax \fontdimen 17\font
(fontspec)             =2.97453pt\relax \fontdimen 18\font =3.01067pt\relax
(fontspec)             \fontdimen 19\font =2.40854pt\relax \fontdimen 22\font
(fontspec)             =3.01067pt\relax \fontdimen 20\font =0pt\relax
(fontspec)             \fontdimen 21\font =0pt\relax 

LaTeX Font Info:    Encoding `OMS' has changed to `TU' for symbol font
(Font)              `symbols' in the math version `normal' on input line 79.
LaTeX Font Info:    Overwriting symbol font `symbols' in version `normal'
(Font)                  OMS/lmsy/m/n --> TU/latinmodern-math.otf(2)/m/n on inpu
t line 79.
LaTeX Font Info:    Encoding `OMS' has changed to `TU' for symbol font
(Font)              `symbols' in the math version `bold' on input line 79.
LaTeX Font Info:    Overwriting symbol font `symbols' in version `bold'
(Font)                  OMS/lmsy/b/n --> TU/latinmodern-math.otf(2)/b/n on inpu
t line 79.

Package fontspec Info: latinmodern-math scale = 1.204272448231791.


Package fontspec Info: latinmodern-math scale = 1.204152020986968.


Package fontspec Info: latinmodern-math scale = 1.204272448231791.


Package fontspec Info: latinmodern-math scale = 1.204152020986968.


Package fontspec Info: latinmodern-math scale = 1.204272448231791.


Package fontspec Info: latinmodern-math scale = 1.204152020986968.


Package fontspec Info: latinmodern-math scale = 1.204272448231791.


Package fontspec Info: latinmodern-math scale = 1.204152020986968.


Package fontspec Info: latinmodern-math scale = 1.204272448231791.


Package fontspec Info: latinmodern-math scale = 1.204152020986968.


Package fontspec Info: Font family 'latinmodern-math.otf(3)' created for font
(fontspec)             'latinmodern-math.otf' with options
(fontspec)             [Scale=MatchLowercase,Renderer=Basic,BoldItalicFont={},I
talicFont={},SmallCapsFont={},Script=Math,SizeFeatures={{Size=8.5-},{Size=6-8.5
,Font=latinmodern-math.otf,Style=MathScript},{Size=-6,Font=latinmodern-math.otf
,Style=MathScriptScript}},FontAdjustment={\__um_luatex_copy_fontdimens:
(fontspec)             },BoldFont={latinmodern-math.otf},ScaleAgain=0.9999,Font
Adjustment={\fontdimen
(fontspec)             8\font =0.4817pt\relax \fontdimen 9\font
(fontspec)             =2.40854pt\relax \fontdimen 10\font =2.01112pt\relax
(fontspec)             \fontdimen 11\font =1.33673pt\relax \fontdimen 12\font
(fontspec)             =7.22562pt\relax \fontdimen 13\font =0pt\relax }].
(fontspec)              
(fontspec)              This font family consists of the following NFSS
(fontspec)             series/shapes:
(fontspec)              
(fontspec)             - 'normal' (m/n) with NFSS spec.:
(fontspec)             <8.5->s*[1.204152020986968]"[latinmodern-math.otf]:mode=
base;script=math;language=dflt;"<6-8.5>s*[1.204152020986968]"[latinmodern-math.
otf]:mode=base;script=math;language=dflt;+ssty=0;"<-6>s*[1.204152020986968]"[la
tinmodern-math.otf]:mode=base;script=math;language=dflt;+ssty=1;"
(fontspec)             - 'small caps'  (m/sc) with NFSS spec.: 
(fontspec)             and font adjustment code:
(fontspec)             \__um_luatex_copy_fontdimens: \fontdimen 8\font
(fontspec)             =0.4817pt\relax \fontdimen 9\font =2.40854pt\relax
(fontspec)             \fontdimen 10\font =2.01112pt\relax \fontdimen 11\font
(fontspec)             =1.33673pt\relax \fontdimen 12\font =7.22562pt\relax
(fontspec)             \fontdimen 13\font =0pt\relax 
(fontspec)             - 'bold' (b/n) with NFSS spec.:
(fontspec)             <->s*[1.204152020986968]"[latinmodern-math.otf]:mode=bas
e;script=math;language=dflt;"
(fontspec)             - 'bold small caps'  (b/sc) with NFSS spec.: 
(fontspec)             and font adjustment code:
(fontspec)             \__um_luatex_copy_fontdimens: \fontdimen 8\font
(fontspec)             =0.4817pt\relax \fontdimen 9\font =2.40854pt\relax
(fontspec)             \fontdimen 10\font =2.01112pt\relax \fontdimen 11\font
(fontspec)             =1.33673pt\relax \fontdimen 12\font =7.22562pt\relax
(fontspec)             \fontdimen 13\font =0pt\relax 

LaTeX Font Info:    Encoding `OMX' has changed to `TU' for symbol font
(Font)              `largesymbols' in the math version `normal' on input line 7
9.
LaTeX Font Info:    Overwriting symbol font `largesymbols' in version `normal'
(Font)                  OMX/lmex/m/n --> TU/latinmodern-math.otf(3)/m/n on inpu
t line 79.
LaTeX Font Info:    Encoding `OMX' has changed to `TU' for symbol font
(Font)              `largesymbols' in the math version `bold' on input line 79.

LaTeX Font Info:    Overwriting symbol font `largesymbols' in version `bold'
(Font)                  OMX/lmex/m/n --> TU/latinmodern-math.otf(3)/b/n on inpu
t line 79.
LaTeX Font Info:    Font shape `TU/latinmodern-math.otf(1)/m/n' will be
(Font)              scaled to size 8.42989pt on input line 79.
LaTeX Font Info:    Font shape `TU/latinmodern-math.otf(1)/m/n' will be
(Font)              scaled to size 6.02135pt on input line 79.
LaTeX Font Info:    Trying to load font information for OML+lmm on input line 7
9.
(/usr/share/texmf-dist/tex/latex/lm/omllmm.fd
File: omllmm.fd 2015/05/01 v1.6.1 Font defs for Latin Modern
)
LaTeX Font Info:    Font shape `TU/latinmodern-math.otf(2)/m/n' will be
(Font)              scaled to size 12.04391pt on input line 79.
LaTeX Font Info:    Font shape `TU/latinmodern-math.otf(2)/m/n' will be
(Font)              scaled to size 8.43074pt on input line 79.
LaTeX Font Info:    Font shape `TU/latinmodern-math.otf(2)/m/n' will be
(Font)              scaled to size 6.02196pt on input line 79.
LaTeX Font Info:    Font shape `TU/latinmodern-math.otf(3)/m/n' will be
(Font)              scaled to size 12.04147pt on input line 79.
LaTeX Font Info:    Font shape `TU/latinmodern-math.otf(3)/m/n' will be
(Font)              scaled to size 8.42903pt on input line 79.
LaTeX Font Info:    Font shape `TU/latinmodern-math.otf(3)/m/n' will be
(Font)              scaled to size 6.02074pt on input line 79.
LaTeX Font Info:    Trying to load font information for U+msa on input line 79.

(/usr/share/texmf-dist/tex/latex/amsfonts/umsa.fd
File: umsa.fd 2013/01/14 v3.01 AMS symbols A
)
LaTeX Font Info:    Trying to load font information for U+msb on input line 79.

(/usr/share/texmf-dist/tex/latex/amsfonts/umsb.fd
File: umsb.fd 2013/01/14 v3.01 AMS symbols B
)
LaTeX Info: Redefining \microtypecontext on input line 79.
Package microtype Info: Applying patch `item' on input line 79.
Package microtype Info: Applying patch `toc' on input line 79.
Package microtype Info: Applying patch `eqnum' on input line 79.
Package microtype Info: Applying patch `footnote' on input line 79.
Package microtype Info: Applying patch `verbatim' on input line 79.
Package microtype Info: Generating PDF output.
Package microtype Info: Character protrusion enabled (level 2).
Package microtype Info: Using protrusion set `basicmath'.
Package microtype Info: Automatic font expansion enabled (level 2),
(microtype)             stretch: 20, shrink: 20, step: 1, non-selected.
Package microtype Info: Using default expansion set `alltext-nott'.
LaTeX Info: Redefining \showhyphens on input line 79.
Package microtype Info: No adjustment of tracking.
Package microtype Info: No adjustment of spacing.
Package microtype Info: No adjustment of kerning.
Package microtype Info: Loading generic protrusion settings for font family
(microtype)             `DejaVuSerif' (encoding: TU).
(microtype)             For optimal results, create family-specific settings.
(microtype)             See the microtype manual for details.
(/usr/share/texmf-dist/tex/context/base/mkii/supp-pdf.mkii
[Loading MPS to PDF converter (version 2006.09.02).]
\scratchcounter=\count315
\scratchdimen=\dimen191
\scratchbox=\box62
\nofMPsegments=\count316
\nofMParguments=\count317
\everyMPshowfont=\toks29
\MPscratchCnt=\count318
\MPscratchDim=\dimen192
\MPnumerator=\count319
\makeMPintoPDFobject=\count320
\everyMPtoPDFconversion=\toks30
) (/usr/share/texmf-dist/tex/latex/epstopdf-pkg/epstopdf-base.sty
Package: epstopdf-base 2020-01-24 v2.11 Base part for package epstopdf
Package epstopdf-base Info: Redefining graphics rule for `.eps' on input line 4
85.
(/usr/share/texmf-dist/tex/latex/latexconfig/epstopdf-sys.cfg
File: epstopdf-sys.cfg 2010/07/13 v1.3 Configuration of (r)epstopdf for TeX Liv
e
))
*geometry* driver: auto-detecting
*geometry* detected driver: luatex
*geometry* verbose mode - [ preamble ] result:
* driver: luatex
* paper: <default>
* layout: <same size as paper>
* layoutoffset:(h,v)=(0.0pt,0.0pt)
* modes: 
* h-part:(L,W,R)=(72.26999pt, 469.75502pt, 72.26999pt)
* v-part:(T,H,B)=(72.26999pt, 650.43001pt, 72.26999pt)
* \paperwidth=614.295pt
* \paperheight=794.96999pt
* \textwidth=469.75502pt
* \textheight=650.43001pt
* \oddsidemargin=0.0pt
* \evensidemargin=0.0pt
* \topmargin=-37.0pt
* \headheight=12.0pt
* \headsep=25.0pt
* \topskip=10.0pt
* \footskip=30.0pt
* \marginparwidth=65.0pt
* \marginparsep=11.0pt
* \columnsep=10.0pt
* \skip\footins=9.0pt plus 4.0pt minus 2.0pt
* \hoffset=0.0pt
* \voffset=0.0pt
* \mag=1000
* \@twocolumnfalse
* \@twosidefalse
* \@mparswitchfalse
* \@reversemarginfalse
* (1in=72.27pt=25.4mm, 1cm=28.453pt)

Package caption Info: Begin \AtBeginDocument code.
Package caption Info: hyperref package is loaded.
Package caption Info: longtable package is loaded.
(/usr/share/texmf-dist/tex/latex/caption/ltcaption.sty
Package: ltcaption 2021/01/08 v1.4c longtable captions (AR)
)
Package caption Info: End \AtBeginDocument code.
Package hyperref Info: Link coloring OFF on input line 79.
LaTeX Font Info:    Font shape `TU/DejaVuSerif(0)/m/n' will be
(Font)              scaled to size 17.28pt on input line 81.
LaTeX Font Info:    Font shape `TU/DejaVuSerif(0)/m/n' will be
(Font)              scaled to size 12.0pt on input line 81.
LaTeX Font Info:    Font shape `TU/latinmodern-math.otf(1)/m/n' will be
(Font)              scaled to size 14.45123pt on input line 81.
LaTeX Font Info:    Font shape `TU/latinmodern-math.otf(1)/m/n' will be
(Font)              scaled to size 9.63416pt on input line 81.
LaTeX Font Info:    Font shape `TU/latinmodern-math.otf(1)/m/n' will be
(Font)              scaled to size 7.22562pt on input line 81.
LaTeX Font Info:    Font shape `TU/latinmodern-math.otf(2)/m/n' will be
(Font)              scaled to size 14.4527pt on input line 81.
LaTeX Font Info:    Font shape `TU/latinmodern-math.otf(2)/m/n' will be
(Font)              scaled to size 9.63513pt on input line 81.
LaTeX Font Info:    Font shape `TU/latinmodern-math.otf(2)/m/n' will be
(Font)              scaled to size 7.22635pt on input line 81.
LaTeX Font Info:    Font shape `TU/latinmodern-math.otf(3)/m/n' will be
(Font)              scaled to size 14.44977pt on input line 81.
LaTeX Font Info:    Font shape `TU/latinmodern-math.otf(3)/m/n' will be
(Font)              scaled to size 9.63318pt on input line 81.
LaTeX Font Info:    Font shape `TU/latinmodern-math.otf(3)/m/n' will be
(Font)              scaled to size 7.22488pt on input line 81.
(/usr/share/texmf-dist/tex/latex/microtype/mt-msa.cfg
File: mt-msa.cfg 2006/02/04 v1.1 microtype config. file: AMS symbols (a) (RS)
) (/usr/share/texmf-dist/tex/latex/microtype/mt-msb.cfg
File: mt-msb.cfg 2005/06/01 v1.0 microtype config. file: AMS symbols (b) (RS)
)
Underfull \hbox (badness 6775) in paragraph at lines 85--102
[]\TU/DejaVuSerif(0)/m/n/10 Այս վերլուծության բոլոր տվ
յալները վերցված են պաշտոնական աղբյուրների
ց,
 []


Overfull \hbox (19.6126pt too wide) in paragraph at lines 85--102
\TU/DejaVuSerif(0)/m/n/10 տնտեսությունների)[], []Աշխատա
վարձի, աշխատողների թվաքանակի և կազմակերպո
ւթյունների
 []


Underfull \hbox (badness 1418) in paragraph at lines 85--102
\TU/DejaVuSerif(0)/m/n/10 գնողունակությունը։ Տնային տ
նտեսությունների եկամուտների ցուցանիշները 
նաև
 []

[1

{/var/lib/texmf/fonts/map/pdftex/updmap/pdftex.map}]
LaTeX Font Info:    Font shape `TU/DejaVuSerif(0)/m/n' will be
(Font)              scaled to size 14.4pt on input line 106.
LaTeX Font Info:    Font shape `TU/DejaVuSerif(0)/b/n' will be
(Font)              scaled to size 14.4pt on input line 106.
LaTeX Font Info:    Font shape `TU/DejaVuSerif(0)/b/n' will be
(Font)              scaled to size 12.0pt on input line 109.

Underfull \hbox (badness 1005) in paragraph at lines 112--113
[]\TU/DejaVuSerif(0)/m/n/10 Ոչ լիարժեք ընտանիք է համարվ
ում մեկ ծնողից և երեխայից բաղկացած
 []

<household_3_in_1_files/figure-latex/unnamed-chunk-2-1.pdf, id=21, 838.13126pt 
x 551.05875pt>
File: household_3_in_1_files/figure-latex/unnamed-chunk-2-1.pdf Graphic file (t
ype pdf)
<use household_3_in_1_files/figure-latex/unnamed-chunk-2-1.pdf>
Package luatex.def Info: household_3_in_1_files/figure-latex/unnamed-chunk-2-1.
pdf  used on input line 138.
(luatex.def)             Requested size: 469.74677pt x 308.85144pt.
LaTeX Font Info:    Font shape `TU/DejaVuSerif(0)/b/n' will be
(Font)              scaled to size 10.0pt on input line 139.

Underfull \hbox (badness 10000) in paragraph at lines 138--141
[][]
 []

[2
Missing character: There is no Դ (U+0534) in font [lmmono10-regular]:!
Missing character: There is no ե (U+0565) in font [lmmono10-regular]:!
Missing character: There is no ց (U+0581) in font [lmmono10-regular]:!
Missing character: There is no ի (U+056B) in font [lmmono10-regular]:!
Missing character: There is no լ (U+056C) in font [lmmono10-regular]:!
Missing character: There is no ա (U+0561) in font [lmmono10-regular]:!
Missing character: There is no յ (U+0575) in font [lmmono10-regular]:!
Missing character: There is no ի (U+056B) in font [lmmono10-regular]:!
Missing character: There is no ն (U+0576) in font [lmmono10-regular]:!
Missing character: There is no խ (U+056D) in font [lmmono10-regular]:!
Missing character: There is no ո (U+0578) in font [lmmono10-regular]:!
Missing character: There is no ւ (U+0582) in font [lmmono10-regular]:!
Missing character: There is no մ (U+0574) in font [lmmono10-regular]:!
Missing character: There is no բ (U+0562) in font [lmmono10-regular]:!
Missing character: There is no ե (U+0565) in font [lmmono10-regular]:!
Missing character: There is no ր (U+0580) in font [lmmono10-regular]:!
Missing character: There is no ը (U+0568) in font [lmmono10-regular]:!
Missing character: There is no տ (U+057F) in font [lmmono10-regular]:!
Missing character: There is no վ (U+057E) in font [lmmono10-regular]:!
Missing character: There is no յ (U+0575) in font [lmmono10-regular]:!
Missing character: There is no ա (U+0561) in font [lmmono10-regular]:!
Missing character: There is no լ (U+056C) in font [lmmono10-regular]:!
Missing character: There is no ն (U+0576) in font [lmmono10-regular]:!
Missing character: There is no ե (U+0565) in font [lmmono10-regular]:!
Missing character: There is no ր (U+0580) in font [lmmono10-regular]:!
Missing character: There is no ի (U+056B) in font [lmmono10-regular]:!
Missing character: There is no բ (U+0562) in font [lmmono10-regular]:!
Missing character: There is no ա (U+0561) in font [lmmono10-regular]:!
Missing character: There is no զ (U+0566) in font [lmmono10-regular]:!
Missing character: There is no ա (U+0561) in font [lmmono10-regular]:!
Missing character: There is no ն (U+0576) in font [lmmono10-regular]:!
Missing character: There is no բ (U+0562) in font [lmmono10-regular]:!
Missing character: There is no ա (U+0561) in font [lmmono10-regular]:!
Missing character: There is no ժ (U+056A) in font [lmmono10-regular]:!
Missing character: There is no ա (U+0561) in font [lmmono10-regular]:!
Missing character: There is no ն (U+0576) in font [lmmono10-regular]:!
Missing character: There is no ո (U+0578) in font [lmmono10-regular]:!
Missing character: There is no ւ (U+0582) in font [lmmono10-regular]:!
Missing character: There is no մ (U+0574) in font [lmmono10-regular]:!
Missing character: There is no ե (U+0565) in font [lmmono10-regular]:!
Missing character: There is no ն (U+0576) in font [lmmono10-regular]:!
Missing character: There is no տ (U+057F) in font [lmmono10-regular]:!
Missing character: There is no ա (U+0561) in font [lmmono10-regular]:!
Missing character: There is no ս (U+057D) in font [lmmono10-regular]:!
Missing character: There is no ը (U+0568) in font [lmmono10-regular]:!
Missing character: There is no հ (U+0570) in font [lmmono10-regular]:!
Missing character: There is no ա (U+0561) in font [lmmono10-regular]:!
Missing character: There is no վ (U+057E) in font [lmmono10-regular]:!
Missing character: There is no ա (U+0561) in font [lmmono10-regular]:!
Missing character: There is no ս (U+057D) in font [lmmono10-regular]:!
Missing character: There is no ա (U+0561) in font [lmmono10-regular]:!
Missing character: There is no ր (U+0580) in font [lmmono10-regular]:!
Missing character: There is no մ (U+0574) in font [lmmono10-regular]:!
Missing character: There is no ա (U+0561) in font [lmmono10-regular]:!
Missing character: There is no ս (U+057D) in font [lmmono10-regular]:!
Missing character: There is no ե (U+0565) in font [lmmono10-regular]:!
Missing character: There is no ր (U+0580) in font [lmmono10-regular]:!
Missing character: There is no ի (U+056B) in font [lmmono10-regular]:!
Missing character: There is no ո (U+0578) in font [lmmono10-regular]:!
Missing character: There is no ր (U+0580) in font [lmmono10-regular]:!
Missing character: There is no ո (U+0578) in font [lmmono10-regular]:!
Missing character: There is no ն (U+0576) in font [lmmono10-regular]:!
Missing character: There is no ց (U+0581) in font [lmmono10-regular]:!
Missing character: There is no ի (U+056B) in font [lmmono10-regular]:!
Missing character: There is no ց (U+0581) in font [lmmono10-regular]:!
Missing character: There is no յ (U+0575) in font [lmmono10-regular]:!
Missing character: There is no ո (U+0578) in font [lmmono10-regular]:!
Missing character: There is no ւ (U+0582) in font [lmmono10-regular]:!
Missing character: There is no ր (U+0580) in font [lmmono10-regular]:!
Missing character: There is no ա (U+0561) in font [lmmono10-regular]:!
Missing character: There is no ք (U+0584) in font [lmmono10-regular]:!
Missing character: There is no ա (U+0561) in font [lmmono10-regular]:!
Missing character: There is no ն (U+0576) in font [lmmono10-regular]:!
Missing character: There is no չ (U+0579) in font [lmmono10-regular]:!
Missing character: There is no յ (U+0575) in font [lmmono10-regular]:!
Missing character: There is no ո (U+0578) in font [lmmono10-regular]:!
Missing character: There is no ւ (U+0582) in font [lmmono10-regular]:!
Missing character: There is no ր (U+0580) in font [lmmono10-regular]:!
Missing character: There is no ը (U+0568) in font [lmmono10-regular]:!
Missing character: There is no ն (U+0576) in font [lmmono10-regular]:!
Missing character: There is no ե (U+0565) in font [lmmono10-regular]:!
Missing character: There is no ր (U+0580) in font [lmmono10-regular]:!
Missing character: There is no կ (U+056F) in font [lmmono10-regular]:!
Missing character: There is no ա (U+0561) in font [lmmono10-regular]:!
Missing character: There is no յ (U+0575) in font [lmmono10-regular]:!
Missing character: There is no ա (U+0561) in font [lmmono10-regular]:!
Missing character: There is no ց (U+0581) in font [lmmono10-regular]:!
Missing character: There is no ն (U+0576) in font [lmmono10-regular]:!
Missing character: There is no ո (U+0578) in font [lmmono10-regular]:!
Missing character: There is no ւ (U+0582) in font [lmmono10-regular]:!
Missing character: There is no մ (U+0574) in font [lmmono10-regular]:!
Missing character: There is no է (U+0567) in font [lmmono10-regular]:!
Missing character: There is no ը (U+0568) in font [lmmono10-regular]:!
Missing character: There is no ն (U+0576) in font [lmmono10-regular]:!
Missing character: There is no դ (U+0564) in font [lmmono10-regular]:!
Missing character: There is no հ (U+0570) in font [lmmono10-regular]:!
Missing character: There is no ա (U+0561) in font [lmmono10-regular]:!
Missing character: There is no ն (U+0576) in font [lmmono10-regular]:!
Missing character: There is no ո (U+0578) in font [lmmono10-regular]:!
Missing character: There is no ւ (U+0582) in font [lmmono10-regular]:!
Missing character: There is no ր (U+0580) in font [lmmono10-regular]:!
Missing character: There is no դ (U+0564) in font [lmmono10-regular]:!
Missing character: There is no ի (U+056B) in font [lmmono10-regular]:!
Missing character: There is no տ (U+057F) in font [lmmono10-regular]:!
Missing character: There is no ա (U+0561) in font [lmmono10-regular]:!
Missing character: There is no ր (U+0580) in font [lmmono10-regular]:!
Missing character: There is no կ (U+056F) in font [lmmono10-regular]:!
Missing character: There is no ո (U+0578) in font [lmmono10-regular]:!
Missing character: There is no ւ (U+0582) in font [lmmono10-regular]:!
Missing character: There is no մ (U+0574) in font [lmmono10-regular]:!
Missing character: There is no ն (U+0576) in font [lmmono10-regular]:!
Missing character: There is no ե (U+0565) in font [lmmono10-regular]:!
Missing character: There is no ր (U+0580) in font [lmmono10-regular]:!
Missing character: There is no ի (U+056B) in font [lmmono10-regular]:!
Missing character: There is no ը (U+0568) in font [lmmono10-regular]:!
Missing character: There is no ՝ (U+055D) in font [lmmono10-regular]:!
Missing character: There is no հ (U+0570) in font [lmmono10-regular]:!
Missing character: There is no ա (U+0561) in font [lmmono10-regular]:!
Missing character: There is no վ (U+057E) in font [lmmono10-regular]:!
Missing character: There is no ա (U+0561) in font [lmmono10-regular]:!
Missing character: There is no ս (U+057D) in font [lmmono10-regular]:!
Missing character: There is no ա (U+0561) in font [lmmono10-regular]:!
Missing character: There is no ր (U+0580) in font [lmmono10-regular]:!
Missing character: There is no հ (U+0570) in font [lmmono10-regular]:!
Missing character: There is no ա (U+0561) in font [lmmono10-regular]:!
Missing character: There is no մ (U+0574) in font [lmmono10-regular]:!
Missing character: There is no ա (U+0561) in font [lmmono10-regular]:!
Missing character: There is no մ (U+0574) in font [lmmono10-regular]:!
Missing character: There is no ա (U+0561) in font [lmmono10-regular]:!
Missing character: There is no ս (U+057D) in font [lmmono10-regular]:!
Missing character: There is no ն (U+0576) in font [lmmono10-regular]:!
Missing character: There is no ո (U+0578) in font [lmmono10-regular]:!
Missing character: There is no ւ (U+0582) in font [lmmono10-regular]:!
Missing character: There is no թ (U+0569) in font [lmmono10-regular]:!
Missing character: There is no յ (U+0575) in font [lmmono10-regular]:!
Missing character: There is no ա (U+0561) in font [lmmono10-regular]:!
Missing character: There is no մ (U+0574) in font [lmmono10-regular]:!
Missing character: There is no բ (U+0562) in font [lmmono10-regular]:!
Missing character: There is no Ա (U+0531) in font [lmmono10-regular]:!
Missing character: There is no ռ (U+057C) in font [lmmono10-regular]:!
Missing character: There is no ա (U+0561) in font [lmmono10-regular]:!
Missing character: There is no ջ (U+057B) in font [lmmono10-regular]:!
Missing character: There is no ի (U+056B) in font [lmmono10-regular]:!
Missing character: There is no ն (U+0576) in font [lmmono10-regular]:!
Missing character: There is no դ (U+0564) in font [lmmono10-regular]:!
Missing character: There is no ե (U+0565) in font [lmmono10-regular]:!
Missing character: There is no ց (U+0581) in font [lmmono10-regular]:!
Missing character: There is no ի (U+056B) in font [lmmono10-regular]:!
Missing character: There is no լ (U+056C) in font [lmmono10-regular]:!
Missing character: There is no ը (U+0568) in font [lmmono10-regular]:!
Missing character: There is no ն (U+0576) in font [lmmono10-regular]:!
Missing character: There is no ե (U+0565) in font [lmmono10-regular]:!
Missing character: There is no ր (U+0580) in font [lmmono10-regular]:!
Missing character: There is no կ (U+056F) in font [lmmono10-regular]:!
Missing character: There is no ա (U+0561) in font [lmmono10-regular]:!
Missing character: There is no յ (U+0575) in font [lmmono10-regular]:!
Missing character: There is no ա (U+0561) in font [lmmono10-regular]:!
Missing character: There is no ց (U+0581) in font [lmmono10-regular]:!
Missing character: There is no ն (U+0576) in font [lmmono10-regular]:!
Missing character: There is no ո (U+0578) in font [lmmono10-regular]:!
Missing character: There is no ւ (U+0582) in font [lmmono10-regular]:!
Missing character: There is no մ (U+0574) in font [lmmono10-regular]:!
Missing character: There is no է (U+0567) in font [lmmono10-regular]:!
Missing character: There is no տ (U+057F) in font [lmmono10-regular]:!
Missing character: There is no վ (U+057E) in font [lmmono10-regular]:!
Missing character: There is no յ (U+0575) in font [lmmono10-regular]:!
Missing character: There is no ա (U+0561) in font [lmmono10-regular]:!
Missing character: There is no լ (U+056C) in font [lmmono10-regular]:!
Missing character: There is no ն (U+0576) in font [lmmono10-regular]:!
Missing character: There is no ե (U+0565) in font [lmmono10-regular]:!
Missing character: There is no ր (U+0580) in font [lmmono10-regular]:!
Missing character: There is no ի (U+056B) in font [lmmono10-regular]:!
Missing character: There is no ա (U+0561) in font [lmmono10-regular]:!
Missing character: There is no ռ (U+057C) in font [lmmono10-regular]:!
Missing character: There is no ա (U+0561) in font [lmmono10-regular]:!
Missing character: There is no ջ (U+057B) in font [lmmono10-regular]:!
Missing character: There is no ի (U+056B) in font [lmmono10-regular]:!
Missing character: There is no ն (U+0576) in font [lmmono10-regular]:!
Missing character: There is no ը (U+0568) in font [lmmono10-regular]:!
Missing character: There is no ե (U+0565) in font [lmmono10-regular]:!
Missing character: There is no ր (U+0580) in font [lmmono10-regular]:!
Missing character: There is no կ (U+056F) in font [lmmono10-regular]:!
Missing character: There is no ր (U+0580) in font [lmmono10-regular]:!
Missing character: There is no ո (U+0578) in font [lmmono10-regular]:!
Missing character: There is no ր (U+0580) in font [lmmono10-regular]:!
Missing character: There is no դ (U+0564) in font [lmmono10-regular]:!
Missing character: There is no ը (U+0568) in font [lmmono10-regular]:!
Missing character: There is no ն (U+0576) in font [lmmono10-regular]:!
Missing character: There is no ե (U+0565) in font [lmmono10-regular]:!
Missing character: There is no ր (U+0580) in font [lmmono10-regular]:!
Missing character: There is no կ (U+056F) in font [lmmono10-regular]:!
Missing character: There is no ա (U+0561) in font [lmmono10-regular]:!
Missing character: There is no յ (U+0575) in font [lmmono10-regular]:!
Missing character: There is no ա (U+0561) in font [lmmono10-regular]:!
Missing character: There is no ց (U+0581) in font [lmmono10-regular]:!
Missing character: There is no ն (U+0576) in font [lmmono10-regular]:!
Missing character: There is no ո (U+0578) in font [lmmono10-regular]:!
Missing character: There is no ւ (U+0582) in font [lmmono10-regular]:!
Missing character: There is no մ (U+0574) in font [lmmono10-regular]:!
Missing character: There is no է (U+0567) in font [lmmono10-regular]:!
Missing character: There is no ե (U+0565) in font [lmmono10-regular]:!
Missing character: There is no ր (U+0580) in font [lmmono10-regular]:!
Missing character: There is no կ (U+056F) in font [lmmono10-regular]:!
Missing character: There is no ր (U+0580) in font [lmmono10-regular]:!
Missing character: There is no ո (U+0578) in font [lmmono10-regular]:!
Missing character: There is no ր (U+0580) in font [lmmono10-regular]:!
Missing character: There is no դ (U+0564) in font [lmmono10-regular]:!
Missing character: There is no ը (U+0568) in font [lmmono10-regular]:!
Missing character: There is no և (U+0587) in font [lmmono10-regular]:!
Missing character: There is no ա (U+0561) in font [lmmono10-regular]:!
Missing character: There is no յ (U+0575) in font [lmmono10-regular]:!
Missing character: There is no լ (U+056C) in font [lmmono10-regular]:!
Missing character: There is no ն (U+0576) in font [lmmono10-regular]:!
Missing character: There is no ր (U+0580) in font [lmmono10-regular]:!
Missing character: There is no դ (U+0564) in font [lmmono10-regular]:!
Missing character: There is no դ (U+0564) in font [lmmono10-regular]:!
Missing character: There is no ե (U+0565) in font [lmmono10-regular]:!
Missing character: There is no ց (U+0581) in font [lmmono10-regular]:!
Missing character: There is no ի (U+056B) in font [lmmono10-regular]:!
Missing character: There is no լ (U+056C) in font [lmmono10-regular]:!
Missing character: There is no ը (U+0568) in font [lmmono10-regular]:!
Missing character: There is no ն (U+0576) in font [lmmono10-regular]:!
Missing character: There is no ե (U+0565) in font [lmmono10-regular]:!
Missing character: There is no ր (U+0580) in font [lmmono10-regular]:!
Missing character: There is no կ (U+056F) in font [lmmono10-regular]:!
Missing character: There is no ա (U+0561) in font [lmmono10-regular]:!
Missing character: There is no յ (U+0575) in font [lmmono10-regular]:!
Missing character: There is no ա (U+0561) in font [lmmono10-regular]:!
Missing character: There is no ց (U+0581) in font [lmmono10-regular]:!
Missing character: There is no ն (U+0576) in font [lmmono10-regular]:!
Missing character: There is no ո (U+0578) in font [lmmono10-regular]:!
Missing character: There is no ւ (U+0582) in font [lmmono10-regular]:!
Missing character: There is no մ (U+0574) in font [lmmono10-regular]:!
Missing character: There is no է (U+0567) in font [lmmono10-regular]:!
Missing character: There is no տ (U+057F) in font [lmmono10-regular]:!
Missing character: There is no վ (U+057E) in font [lmmono10-regular]:!
Missing character: There is no յ (U+0575) in font [lmmono10-regular]:!
Missing character: There is no ա (U+0561) in font [lmmono10-regular]:!
Missing character: There is no լ (U+056C) in font [lmmono10-regular]:!
Missing character: There is no ն (U+0576) in font [lmmono10-regular]:!
Missing character: There is no ե (U+0565) in font [lmmono10-regular]:!
Missing character: There is no ր (U+0580) in font [lmmono10-regular]:!
Missing character: There is no ի (U+056B) in font [lmmono10-regular]:!
Missing character: There is no ա (U+0561) in font [lmmono10-regular]:!
Missing character: There is no մ (U+0574) in font [lmmono10-regular]:!
Missing character: There is no ե (U+0565) in font [lmmono10-regular]:!
Missing character: There is no ն (U+0576) in font [lmmono10-regular]:!
Missing character: There is no ա (U+0561) in font [lmmono10-regular]:!
Missing character: There is no բ (U+0562) in font [lmmono10-regular]:!
Missing character: There is no ա (U+0561) in font [lmmono10-regular]:!
Missing character: There is no ր (U+0580) in font [lmmono10-regular]:!
Missing character: There is no ձ (U+0571) in font [lmmono10-regular]:!
Missing character: There is no ր (U+0580) in font [lmmono10-regular]:!
Missing character: There is no ը (U+0568) in font [lmmono10-regular]:!
<./household_3_in_1_files/figure-latex/unnamed-chunk-2-1.pdf>]
Underfull \hbox (badness 1742) in paragraph at lines 163--171
\TU/DejaVuSerif(0)/m/n/10 մակարդակն ամենաբարձրն է 10-րդ 
դեցիլում, որի 56,3 տոկոսն ունի հիմնական
 []

LaTeX Font Info:    Font shape `TU/DejaVuSerif(0)/m/n' will be
(Font)              scaled to size 9.0pt on input line 188.
Runaway argument?
{$52.9$2 & \cellcolor [HTML]{FD7379}{\textcolor [HTML]{FFFFFF}{$105.0\ETC.
! Paragraph ended before \@textcolor was complete.
<to be read again> 
\par 
l.209 
    

Here is how much of LuaTeX's memory you used:
 21851 strings out of 478285
 125086,1977958 words of node,token memory allocated
 20223 words of node memory still in use:
   48 hlist, 3 vlist, 39 rule, 59 disc, 9 local_par, 3 dir, 2 math, 485 glue, 42
 kern, 25 penalty, 36 unset, 4 margin_kern, 1937 glyph, 12 align_record, 7 span,
 129 attribute, 65 glue_spec, 129 attribute_list, 7 temp, 1 align_stack, 1 user_
defined, 3 pdf_action, 6 pdf_colorstack nodes
   avail lists: 1:3,2:2,3:149,4:31,5:9,6:22,7:1222,8:4,9:41,10:4
 41335 multiletter control sequences out of 65536+600000
 84 fonts using 33566051 bytes
 86i,10n,122p,1012b,473s stack positions out of 10000i,1000n,20000p,200000b,200000s
!  ==> Fatal error occurred, no output PDF file produced!
